[0m10:51:59.904418 [debug] [MainThread]: Sending event: {'category': 'dbt', 'action': 'invocation', 'label': 'start', 'context': [<snowplow_tracker.self_describing_json.SelfDescribingJson object at 0x735416fc3dc0>, <snowplow_tracker.self_describing_json.SelfDescribingJson object at 0x7354154f62b0>, <snowplow_tracker.self_describing_json.SelfDescribingJson object at 0x7354154f61f0>]}


============================== 10:51:59.908425 | 2eb24e0c-c5e1-43a2-9b8c-77bbfe59bfdc ==============================
[0m10:51:59.908425 [info ] [MainThread]: Running with dbt=1.8.3
[0m10:51:59.909013 [debug] [MainThread]: running dbt with arguments {'printer_width': '80', 'indirect_selection': 'eager', 'log_cache_events': 'False', 'write_json': 'True', 'partial_parse': 'True', 'cache_selected_only': 'False', 'warn_error': 'None', 'version_check': 'True', 'fail_fast': 'False', 'log_path': 'logs', 'profiles_dir': '/home/mor/.dbt', 'debug': 'False', 'use_colors': 'True', 'use_experimental_parser': 'False', 'no_print': 'None', 'quiet': 'False', 'empty': 'None', 'log_format': 'default', 'invocation_command': 'dbt init', 'introspect': 'True', 'static_parser': 'True', 'target_path': 'None', 'warn_error_options': 'WarnErrorOptions(include=[], exclude=[])', 'send_anonymous_usage_stats': 'True'}
[0m10:52:07.574396 [debug] [MainThread]: Starter project path: /home/mor/Desktop/Cursos/Construindo-DW-Python-DBT/venv_dw/lib/python3.9/site-packages/dbt/include/starter_project
[0m10:52:07.580157 [info ] [MainThread]: 
Your new dbt project "datawarehouse" was created!

For more information on how to configure the profiles.yml file,
please consult the dbt documentation here:

  https://docs.getdbt.com/docs/configure-your-profile

One more thing:

Need help? Don't hesitate to reach out to us via GitHub issues or on Slack:

  https://community.getdbt.com/

Happy modeling!

[0m10:52:07.581651 [info ] [MainThread]: Setting up your profile.
[0m10:53:39.208338 [info ] [MainThread]: Profile datawarehouse written to /home/mor/.dbt/profiles.yml using target's profile_template.yml and your supplied values. Run 'dbt debug' to validate the connection.
[0m10:53:39.212439 [debug] [MainThread]: Resource report: {"command_name": "init", "command_success": true, "command_wall_clock_time": 99.35126, "process_user_time": 1.778417, "process_kernel_time": 0.075509, "process_mem_max_rss": "102816", "process_out_blocks": "80", "process_in_blocks": "0"}
[0m10:53:39.215214 [debug] [MainThread]: Command `dbt init` succeeded at 10:53:39.214766 after 99.35 seconds
[0m10:53:39.217089 [debug] [MainThread]: Sending event: {'category': 'dbt', 'action': 'invocation', 'label': 'end', 'context': [<snowplow_tracker.self_describing_json.SelfDescribingJson object at 0x735416fc3dc0>, <snowplow_tracker.self_describing_json.SelfDescribingJson object at 0x7354154cfb80>, <snowplow_tracker.self_describing_json.SelfDescribingJson object at 0x735429d8ea30>]}
[0m10:53:39.218414 [debug] [MainThread]: Flushing usage events
